This is e-pTeX, Version 3.14159265-p3.6-141210-2.6 (utf8.euc) (TeX Live 2015) (preloaded format=platex 2015.10.30)  21 DEC 2015 09:50
entering extended mode
 restricted \write18 enabled.
 file:line:error style messages enabled.
 %&-line parsing enabled.
**rep1.tex
(./rep1.tex
pLaTeX2e <2006/11/10> (based on LaTeX2e <2015/10/01> patch level 1)
Babel <3.9m> and hyphenation patterns for 21 languages loaded.
(/usr/local/texlive/2015basic/texmf-dist/tex/platex/base/jarticle.cls
Document Class: jarticle 2006/06/27 v1.6 Standard pLaTeX class
\c@@paper=\count81
(/usr/local/texlive/2015basic/texmf-dist/tex/platex/base/jsize12.clo
File: jsize12.clo 2006/06/27 v1.6 Standard pLaTeX file (size option)
)
\c@part=\count82
\c@section=\count83
\c@subsection=\count84
\c@subsubsection=\count85
\c@paragraph=\count86
\c@subparagraph=\count87
\c@figure=\count88
\c@table=\count89
\abovecaptionskip=\skip41
\belowcaptionskip=\skip42
\symmincho=\mathgroup4
LaTeX Font Info:    Overwriting symbol font `mincho' in version `bold'
(Font)                  JY1/mc/m/n --> JY1/gt/m/n on input line 601.
\toclineskip=\dimen118
\@lnumwidth=\dimen119
\bibindent=\dimen120
\heisei=\count90
)
(/usr/local/texlive/2015basic/texmf-dist/tex/platex/base/ascmac.sty
(/usr/local/texlive/2015basic/texmf-dist/tex/platex/base/tascmac.sty
\@savetbaselineshift=\dimen121
\@saveybaselineshift=\dimen122
\scb@x=\box41
\scscb@x=\box42
\@bw=\dimen123
\@nbox=\box43
\@nbody=\box44
\@scw=\dimen124
\@itemh=\dimen125
\@iboxpos=\toks15
\@iboxstr=\box45
\@bwsp=\box46
\@@bwsp=\box47
\@bcal=\count91
\shaderule=\dimen126
))
(/usr/local/texlive/2015basic/texmf-dist/tex/latex/fancybox/fancybox.sty
Package: fancybox 2010/05/15 1.4

Style option: `fancybox' v1.4 <2010/05/15> (tvz)
\@fancybox=\box48
\shadowsize=\dimen127
\@Sbox=\box49
\do@VerbBox=\toks16
\the@fancyput=\toks17
\this@fancyput=\toks18
\EndVerbatimTokens=\toks19
\Verbatim@Outfile=\write3
\Verbatim@Infile=\read1
) (/usr/local/texlive/2015basic/texmf-dist/tex/latex/framed/framed.sty
Package: framed 2011/10/22 v 0.96: framed or shaded text with page breaks
\OuterFrameSep=\skip43
\fb@frw=\dimen128
\fb@frh=\dimen129
\FrameRule=\dimen130
\FrameSep=\dimen131
)
(/usr/local/texlive/2015basic/texmf-dist/tex/latex/graphics/graphicx.sty
Package: graphicx 2014/10/28 v1.0g Enhanced LaTeX Graphics (DPC,SPQR)

(/usr/local/texlive/2015basic/texmf-dist/tex/latex/graphics/keyval.sty
Package: keyval 2014/10/28 v1.15 key=value parser (DPC)
\KV@toks@=\toks20
)
(/usr/local/texlive/2015basic/texmf-dist/tex/latex/graphics/graphics.sty
Package: graphics 2014/10/28 v1.0p Standard LaTeX Graphics (DPC,SPQR)

(/usr/local/texlive/2015basic/texmf-dist/tex/latex/graphics/trig.sty
Package: trig 1999/03/16 v1.09 sin cos tan (DPC)
)
(/usr/local/texlive/2015basic/texmf-dist/tex/latex/latexconfig/graphics.cfg
File: graphics.cfg 2010/04/23 v1.9 graphics configuration of TeX Live
)
Package graphics Info: Driver file: dvipdfmx.def on input line 94.

(/usr/local/texlive/2015basic/texmf-dist/tex/latex/dvipdfmx-def/dvipdfmx.def
File: dvipdfmx.def 2015/09/11 v4.06 LaTeX color/graphics driver for dvipdfmx (T
eX Live/ChoF)

(/usr/local/texlive/2015basic/texmf-dist/tex/generic/oberdiek/infwarerr.sty
Package: infwarerr 2010/04/08 v1.3 Providing info/warning/error messages (HO)
)
(/usr/local/texlive/2015basic/texmf-dist/tex/generic/oberdiek/ltxcmds.sty
Package: ltxcmds 2011/11/09 v1.22 LaTeX kernel commands for general use (HO)
)))
\Gin@req@height=\dimen132
\Gin@req@width=\dimen133
)

! LaTeX Error: File `mediabb.sty' not found.

Type X to quit or <RETURN> to proceed,
or enter new name. (Default extension: sty)

Enter file name: 
(/usr/local/texlive/2015basic/texmf-dist/tex/latex/graphics/color.sty
Package: color 2014/10/28 v1.1a Standard LaTeX Color (DPC)

(/usr/local/texlive/2015basic/texmf-dist/tex/latex/latexconfig/color.cfg
File: color.cfg 2007/01/18 v1.5 color configuration of teTeX/TeXLive
)
Package color Info: Driver file: dvips.def on input line 142.

(/usr/local/texlive/2015basic/texmf-dist/tex/latex/graphics/dvips.def
File: dvips.def 2014/10/14 v3.0j Driver-dependent file (DPC,SPQR)
)
(/usr/local/texlive/2015basic/texmf-dist/tex/latex/graphics/dvipsnam.def
File: dvipsnam.def 2014/10/14 v3.0j Driver-dependent file (DPC,SPQR)
))
(/usr/local/texlive/2015basic/texmf-dist/tex/latex/listings/listings.sty
\lst@mode=\count92
\lst@gtempboxa=\box50
\lst@token=\toks21
\lst@length=\count93
\lst@currlwidth=\dimen134
\lst@column=\count94
\lst@pos=\count95
\lst@lostspace=\dimen135
\lst@width=\dimen136
\lst@newlines=\count96
\lst@lineno=\count97
\lst@maxwidth=\dimen137

(/usr/local/texlive/2015basic/texmf-dist/tex/latex/listings/lstmisc.sty
File: lstmisc.sty 2015/06/04 1.6 (Carsten Heinz)
\c@lstnumber=\count98
\lst@skipnumbers=\count99
\lst@framebox=\box51
)
(/usr/local/texlive/2015basic/texmf-dist/tex/latex/listings/listings.cfg
File: listings.cfg 2015/06/04 1.6 listings configuration
))
Package: listings 2015/06/04 1.6 (Carsten Heinz)

(/usr/local/texlive/2015basic/texmf-dist/tex/latex/listings/jlisting.sty
Package: jlisting 2006/02/20 0.2 (Thor)
\lst@nextchar=\count100
\lst@inputfile=\read2
)
(/usr/local/texlive/2015basic/texmf-dist/tex/latex/listings/lstlang1.sty
File: lstlang1.sty 2015/06/04 1.6 listings language file
)
(./rep1.aux

LaTeX Warning: Label `' multiply defined.

)
\openout1 = `rep1.aux'.

LaTeX Font Info:    Checking defaults for OML/cmm/m/it on input line 51.
LaTeX Font Info:    ... okay on input line 51.
LaTeX Font Info:    Checking defaults for T1/cmr/m/n on input line 51.
LaTeX Font Info:    ... okay on input line 51.
LaTeX Font Info:    Checking defaults for OT1/cmr/m/n on input line 51.
LaTeX Font Info:    ... okay on input line 51.
LaTeX Font Info:    Checking defaults for OMS/cmsy/m/n on input line 51.
LaTeX Font Info:    ... okay on input line 51.
LaTeX Font Info:    Checking defaults for OMX/cmex/m/n on input line 51.
LaTeX Font Info:    ... okay on input line 51.
LaTeX Font Info:    Checking defaults for U/cmr/m/n on input line 51.
LaTeX Font Info:    ... okay on input line 51.
LaTeX Font Info:    Checking defaults for JY1/mc/m/n on input line 51.
LaTeX Font Info:    ... okay on input line 51.
LaTeX Font Info:    Checking defaults for JT1/mc/m/n on input line 51.
LaTeX Font Info:    ... okay on input line 51.
\c@lstlisting=\count101
LaTeX Font Info:    Font shape `JT1/mc/bx/n' in size <25> not available
(Font)              Font shape `JT1/gt/m/n' tried instead on input line 57.
LaTeX Font Info:    Font shape `JY1/mc/bx/n' in size <25> not available
(Font)              Font shape `JY1/gt/m/n' tried instead on input line 57.


LaTeX Font Warning: Font shape `OT1/cmr/m/n' in size <16> not available
(Font)              size <17.28> substituted on input line 64.

[1

]
LaTeX Font Info:    Font shape `JT1/mc/bx/n' in size <17.28> not available
(Font)              Font shape `JT1/gt/m/n' tried instead on input line 77.
LaTeX Font Info:    Font shape `JY1/mc/bx/n' in size <17.28> not available
(Font)              Font shape `JY1/gt/m/n' tried instead on input line 77.
 (./rep1.toc
LaTeX Font Info:    Font shape `JT1/mc/bx/n' in size <12> not available
(Font)              Font shape `JT1/gt/m/n' tried instead on input line 1.
LaTeX Font Info:    Font shape `JY1/mc/bx/n' in size <12> not available
(Font)              Font shape `JY1/gt/m/n' tried instead on input line 1.
LaTeX Font Info:    External font `cmex10' loaded for size
(Font)              <12> on input line 2.
LaTeX Font Info:    External font `cmex10' loaded for size
(Font)              <8> on input line 2.
LaTeX Font Info:    External font `cmex10' loaded for size
(Font)              <6> on input line 2.
 [1])
\tf@toc=\write4
\openout4 = `rep1.toc'.

 [2]
LaTeX Font Info:    Font shape `JT1/mc/bx/n' in size <14.4> not available
(Font)              Font shape `JT1/gt/m/n' tried instead on input line 86.
LaTeX Font Info:    Font shape `JY1/mc/bx/n' in size <14.4> not available
(Font)              Font shape `JY1/gt/m/n' tried instead on input line 86.
 [3] [4] [5] [6] [7] [8] [9] [10] [11] [12] [13]
[14] [15] [16] [17] [18] [19] [20] [21] [22] [23] [24] [25] [26] [27] [28]
[29] [30] [31] [32]
Overfull \hbox (14.01338pt too wide) in paragraph at lines 127--127
[][][][] 
 []

[33] [34] [35] [36] [37] [38] [39] [40] [41] [42] [43] [44] [45] [46] [47]
[48] [49] [50] [51] [52] (./rep1.aux)

LaTeX Font Warning: Size substitutions with differences
(Font)              up to 1.28pt have occurred.


LaTeX Warning: There were multiply-defined labels.

 ) 
Here is how much of TeX's memory you used:
 2869 strings out of 494940
 40474 string characters out of 6176318
 349680 words of memory out of 5000000
 6295 multiletter control sequences out of 15000+600000
 17073 words of font info for 68 fonts, out of 8000000 for 9000
 107 hyphenation exceptions out of 8191
 27i,6n,40p,351b,1707s stack positions out of 5000i,500n,10000p,200000b,80000s

Output written on rep1.dvi (53 pages, 721044 bytes).
